2022-12-09 19:26:46.825 [info] Nível de log: Info
2022-12-09 19:26:46.825 [info] Validando o git encontrado em: git
2022-12-09 19:26:46.825 [info] Usando git ''2.30.2'' de ''git''
2022-12-09 19:26:46.825 [info] > git rev-parse --show-toplevel [9ms]
2022-12-09 19:26:46.825 [info] > git rev-parse --git-dir --git-common-dir [4ms]
2022-12-09 19:26:46.825 [info] Open repository: /var/www
2022-12-09 19:26:46.825 [info] > git rev-parse --show-toplevel [12ms]
2022-12-09 19:26:46.825 [info] > git config --get commit.template [14ms]
2022-12-09 19:26:46.825 [info] > git rev-parse --show-toplevel [9ms]
2022-12-09 19:26:46.825 [info] > git for-each-ref --format=%(refname)%00%(upstream:short)%00%(objectname)%00%(upstream:track)%00%(upstream:remotename)%00%(upstream:remoteref) refs/heads/master refs/remotes/master [2ms]
2022-12-09 19:26:46.826 [info] > git rev-parse --show-toplevel [25ms]
2022-12-09 19:26:46.826 [info] > git status -z -uall [18ms]
2022-12-09 19:26:46.826 [info] > git rev-parse --show-toplevel [3ms]
2022-12-09 19:26:46.826 [info] > git for-each-ref --sort -committerdate --format %(refname) %(objectname) %(*objectname) [18ms]
2022-12-09 19:26:46.826 [info] > git rev-parse --show-toplevel [79ms]
2022-12-09 19:26:46.826 [info] > git config --get commit.template [9ms]
2022-12-09 19:26:46.826 [info] > git for-each-ref --format=%(refname)%00%(upstream:short)%00%(objectname)%00%(upstream:track)%00%(upstream:remotename)%00%(upstream:remoteref) refs/heads/master refs/remotes/master [2ms]
2022-12-09 19:26:46.826 [info] > git status -z -uall [8ms]
2022-12-09 19:26:46.826 [info] > git for-each-ref --sort -committerdate --format %(refname) %(objectname) %(*objectname) [3ms]
2022-12-09 19:26:47.050 [info] > git check-ignore -v -z --stdin [1ms]
2022-12-09 19:26:54.438 [info] > git config --get commit.template [11ms]
2022-12-09 19:26:54.440 [info] > git for-each-ref --format=%(refname)%00%(upstream:short)%00%(objectname)%00%(upstream:track)%00%(upstream:remotename)%00%(upstream:remoteref) refs/heads/master refs/remotes/master [3ms]
2022-12-09 19:26:54.461 [info] > git status -z -uall [11ms]
2022-12-09 19:26:54.464 [info] > git for-each-ref --sort -committerdate --format %(refname) %(objectname) %(*objectname) [4ms]
2022-12-09 19:26:55.230 [info] > git fetch [815ms]
2022-12-09 19:26:55.243 [info] > git config --get commit.template [1ms]
2022-12-09 19:26:55.254 [info] > git for-each-ref --format=%(refname)%00%(upstream:short)%00%(objectname)%00%(upstream:track)%00%(upstream:remotename)%00%(upstream:remoteref) refs/heads/master refs/remotes/master [2ms]
2022-12-09 19:26:55.275 [info] > git status -z -uall [11ms]
2022-12-09 19:26:55.276 [info] > git for-each-ref --sort -committerdate --format %(refname) %(objectname) %(*objectname) [3ms]
