2022-12-09 19:28:04.590 [info] Nível de log: Info
2022-12-09 19:28:04.590 [info] Validando o git encontrado em: git
2022-12-09 19:28:04.590 [info] Usando git ''2.30.2'' de ''git''
2022-12-09 19:28:04.590 [info] > git rev-parse --show-toplevel [11ms]
2022-12-09 19:28:04.590 [info] > git rev-parse --git-dir --git-common-dir [8ms]
2022-12-09 19:28:04.590 [info] Open repository: /var/www
2022-12-09 19:28:04.590 [info] > git rev-parse --show-toplevel [16ms]
2022-12-09 19:28:04.591 [info] > git rev-parse --show-toplevel [1ms]
2022-12-09 19:28:04.591 [info] > git config --get commit.template [22ms]
2022-12-09 19:28:04.591 [info] > git rev-parse --show-toplevel [4ms]
2022-12-09 19:28:04.591 [info] > git for-each-ref --format=%(refname)%00%(upstream:short)%00%(objectname)%00%(upstream:track)%00%(upstream:remotename)%00%(upstream:remoteref) refs/heads/master refs/remotes/master [2ms]
2022-12-09 19:28:04.591 [info] > git rev-parse --show-toplevel [25ms]
2022-12-09 19:28:04.591 [info] > git status -z -uall [139ms]
2022-12-09 19:28:04.591 [info] > git for-each-ref --sort -committerdate --format %(refname) %(objectname) %(*objectname) [132ms]
2022-12-09 19:28:04.591 [info] > git rev-parse --show-toplevel [198ms]
2022-12-09 19:28:04.591 [info] > git config --get commit.template [11ms]
2022-12-09 19:28:04.591 [info] > git for-each-ref --format=%(refname)%00%(upstream:short)%00%(objectname)%00%(upstream:track)%00%(upstream:remotename)%00%(upstream:remoteref) refs/heads/master refs/remotes/master [1ms]
2022-12-09 19:28:04.592 [info] > git status -z -uall [17ms]
2022-12-09 19:28:04.609 [info] > git for-each-ref --sort -committerdate --format %(refname) %(objectname) %(*objectname) [26ms]
2022-12-09 19:28:04.793 [info] > git check-ignore -v -z --stdin [3ms]
2022-12-09 19:28:07.975 [info] > git fetch [444ms]
2022-12-09 19:28:07.991 [info] > git config --get commit.template [8ms]
2022-12-09 19:28:07.991 [info] > git for-each-ref --format=%(refname)%00%(upstream:short)%00%(objectname)%00%(upstream:track)%00%(upstream:remotename)%00%(upstream:remoteref) refs/heads/master refs/remotes/master [1ms]
2022-12-09 19:28:08.008 [info] > git status -z -uall [9ms]
2022-12-09 19:28:08.011 [info] > git for-each-ref --sort -committerdate --format %(refname) %(objectname) %(*objectname) [4ms]
2022-12-09 19:28:08.039 [info] > git for-each-ref --format=%(refname)%00%(upstream:short)%00%(objectname)%00%(upstream:track)%00%(upstream:remotename)%00%(upstream:remoteref) refs/heads/master refs/remotes/master [1ms]
2022-12-09 19:28:08.039 [info] > git config --get commit.template [12ms]
2022-12-09 19:28:08.058 [info] > git status -z -uall [8ms]
2022-12-09 19:28:08.063 [info] > git for-each-ref --sort -committerdate --format %(refname) %(objectname) %(*objectname) [6ms]
2022-12-09 19:28:17.813 [info] > git config --get commit.template [9ms]
2022-12-09 19:28:17.814 [info] > git for-each-ref --format=%(refname)%00%(upstream:short)%00%(objectname)%00%(upstream:track)%00%(upstream:remotename)%00%(upstream:remoteref) refs/heads/master refs/remotes/master [1ms]
2022-12-09 19:28:17.829 [info] > git status -z -uall [8ms]
2022-12-09 19:28:17.831 [info] > git for-each-ref --sort -committerdate --format %(refname) %(objectname) %(*objectname) [2ms]
2022-12-09 19:28:22.855 [info] > git config --get commit.template [11ms]
2022-12-09 19:28:22.856 [info] > git for-each-ref --format=%(refname)%00%(upstream:short)%00%(objectname)%00%(upstream:track)%00%(upstream:remotename)%00%(upstream:remoteref) refs/heads/master refs/remotes/master [2ms]
2022-12-09 19:28:22.874 [info] > git status -z -uall [10ms]
2022-12-09 19:28:22.877 [info] > git for-each-ref --sort -committerdate --format %(refname) %(objectname) %(*objectname) [3ms]
2022-12-09 19:28:27.910 [info] > git config --get commit.template [14ms]
2022-12-09 19:28:27.911 [info] > git for-each-ref --format=%(refname)%00%(upstream:short)%00%(objectname)%00%(upstream:track)%00%(upstream:remotename)%00%(upstream:remoteref) refs/heads/master refs/remotes/master [3ms]
2022-12-09 19:28:27.928 [info] > git status -z -uall [8ms]
2022-12-09 19:28:27.929 [info] > git for-each-ref --sort -committerdate --format %(refname) %(objectname) %(*objectname) [2ms]
